[2024-10-24 15:13:12] DEBUG MemberController.doRetrieve(MemberController.java:28) - 1. inputData:10,pcwk
[2024-10-24 15:13:12] DEBUG MemberController.doRetrieve(MemberController.java:34) - 2. param:DTO [searchDiv=10, searchWord=pcwk]
[2024-10-24 15:26:17] DEBUG MemberController.doRetrieve(MemberController.java:28) - 1. inputData:전체,ALL
[2024-10-24 15:26:17] DEBUG MemberController.doRetrieve(MemberController.java:34) - 2. param:DTO [searchDiv=전체, searchWord=ALL]
[2024-10-24 15:32:39] DEBUG MemberController.doRetrieve(MemberController.java:28) - 1. inputData:전체,ALL
[2024-10-24 15:32:39] DEBUG MemberController.doRetrieve(MemberController.java:34) - 2. param:DTO [searchDiv=전체, searchWord=ALL]
[2024-10-24 16:22:56] DEBUG MemberController.doSelectOne(MemberController.java:112) - 1. inputData:pcwk02
[2024-10-24 16:22:56] DEBUG MemberController.doSelectOne(MemberController.java:115) - 2. param:pcwk02     null       null       null                       0         0 null                 null      

[2024-10-24 16:22:56] DEBUG MemberController.doSelectOne(MemberController.java:118) - 3. outVO:pcwk02     이상무02      4321       jamesol02@paran.com        1         1 2024/10/17 14:33:00  관리자       

[2024-10-24 17:01:16] DEBUG MemberController.doRetrieve(MemberController.java:28) - 1. inputData:전체,ALL
[2024-10-24 17:01:16] DEBUG MemberController.doRetrieve(MemberController.java:34) - 2. param:DTO [searchDiv=전체, searchWord=ALL]
[2024-10-24 17:02:28] DEBUG MemberController.doRetrieve(MemberController.java:28) - 1. inputData:전체,ALL
[2024-10-24 17:02:28] DEBUG MemberController.doRetrieve(MemberController.java:34) - 2. param:DTO [searchDiv=전체, searchWord=ALL]
[2024-10-24 17:03:17] DEBUG MemberController.doRetrieve(MemberController.java:28) - 1. inputData:30,jamesol@paran.com
[2024-10-24 17:03:17] DEBUG MemberController.doRetrieve(MemberController.java:34) - 2. param:DTO [searchDiv=30, searchWord=jamesol@paran.com]
[2024-10-24 17:08:22] DEBUG MemberController.doRetrieve(MemberController.java:28) - 1. inputData:전체,ALL
[2024-10-24 17:08:22] DEBUG MemberController.doRetrieve(MemberController.java:34) - 2. param:DTO [searchDiv=전체, searchWord=ALL]
[2024-10-24 17:09:41] DEBUG MemberController.doRetrieve(MemberController.java:28) - 1. inputData:전체,ALL
[2024-10-24 17:09:41] DEBUG MemberController.doRetrieve(MemberController.java:34) - 2. param:DTO [searchDiv=전체, searchWord=ALL]
[2024-10-24 17:11:02] DEBUG MemberController.doRetrieve(MemberController.java:28) - 1. inputData:전체,ALL
[2024-10-24 17:11:02] DEBUG MemberController.doRetrieve(MemberController.java:34) - 2. param:DTO [searchDiv=전체, searchWord=ALL]
[2024-10-24 17:14:12] DEBUG MemberController.doRetrieve(MemberController.java:28) - 1. inputData:전체,ALL
[2024-10-24 17:14:12] DEBUG MemberController.doRetrieve(MemberController.java:34) - 2. param:DTO [searchDiv=전체, searchWord=ALL]
[2024-10-24 17:17:17] DEBUG MemberController.doRetrieve(MemberController.java:28) - 1. inputData:전체,ALL
[2024-10-24 17:17:17] DEBUG MemberController.doRetrieve(MemberController.java:34) - 2. param:DTO [searchDiv=전체, searchWord=ALL]
[2024-10-24 17:23:03] DEBUG MemberController.doRetrieve(MemberController.java:28) - 1. inputData:10,pcwk
[2024-10-24 17:23:03] DEBUG MemberController.doRetrieve(MemberController.java:34) - 2. param:DTO [searchDiv=10, searchWord=pcwk]
[2024-10-24 17:23:46] DEBUG MemberController.doSelectOne(MemberController.java:115) - 1. inputData:pcwk01
[2024-10-24 17:23:46] DEBUG MemberController.doSelectOne(MemberController.java:118) - 2. param:pcwk01     null       null       null                       0         0 null                 null      

[2024-10-24 17:23:46] DEBUG MemberController.doSelectOne(MemberController.java:121) - 3. outVO:pcwk01     이상무01      4321       jamesol@paran.com          1         0 2024/10/17 14:33:00  일반        

